Determining if the function sgemm_ exists failed with the following output:
Change Dir: /home/cvar/graph_optimization/build/CMakeFiles/CMakeTmp

Run Build Command(s):/home/cvar/anaconda3/bin/ninja cmTC_a21db && [1/2] Building C object CMakeFiles/cmTC_a21db.dir/CheckFunctionExists.c.o
[2/2] Linking C executable cmTC_a21db
FAILED: cmTC_a21db 
: && /usr/bin/gcc-12 -DCHECK_FUNCTION_EXISTS=sgemm_ -rdynamic CMakeFiles/cmTC_a21db.dir/CheckFunctionExists.c.o -o cmTC_a21db   && :
/usr/bin/ld: CMakeFiles/cmTC_a21db.dir/CheckFunctionExists.c.o: in function `main':
CheckFunctionExists.c:(.text+0x14): undefined reference to `sgemm_'
collect2: error: ld returned 1 exit status
ninja: build stopped: subcommand failed.



Determining if the function cheev_ exists failed with the following output:
Change Dir: /home/cvar/graph_optimization/build/CMakeFiles/CMakeTmp

Run Build Command(s):/home/cvar/anaconda3/bin/ninja cmTC_64afc && [1/2] Building C object CMakeFiles/cmTC_64afc.dir/CheckFunctionExists.c.o
[2/2] Linking C executable cmTC_64afc
FAILED: cmTC_64afc 
: && /usr/bin/gcc-12 -DCHECK_FUNCTION_EXISTS=cheev_ -rdynamic CMakeFiles/cmTC_64afc.dir/CheckFunctionExists.c.o -o cmTC_64afc  /usr/lib/x86_64-linux-gnu/libblas.so  /usr/lib/x86_64-linux-gnu/libf77blas.so  /usr/lib/x86_64-linux-gnu/libatlas.so  -lm  -ldl && :
/usr/bin/ld: CMakeFiles/cmTC_64afc.dir/CheckFunctionExists.c.o: in function `main':
CheckFunctionExists.c:(.text+0x14): undefined reference to `cheev_'
collect2: error: ld returned 1 exit status
ninja: build stopped: subcommand failed.



Determining if the function cheev_ exists failed with the following output:
Change Dir: /home/cvar/graph_optimization/build/CMakeFiles/CMakeTmp

Run Build Command(s):/home/cvar/anaconda3/bin/ninja cmTC_87878 && [1/2] Building C object CMakeFiles/cmTC_87878.dir/CheckFunctionExists.c.o
[2/2] Linking C executable cmTC_87878
FAILED: cmTC_87878 
: && /usr/bin/gcc-12 -DCHECK_FUNCTION_EXISTS=cheev_ -rdynamic CMakeFiles/cmTC_87878.dir/CheckFunctionExists.c.o -o cmTC_87878  /usr/lib/x86_64-linux-gnu/liblapack.so  /usr/lib/x86_64-linux-gnu/libblas.so  /usr/lib/x86_64-linux-gnu/libf77blas.so  /usr/lib/x86_64-linux-gnu/libatlas.so  -fortranlibs && :
gcc-12: error: unrecognized command-line option ‘-fortranlibs’
ninja: build stopped: subcommand failed.



