Determining if the function sgemm_ exists failed with the following output:
Change Dir: /home/cvar/graph_optimization/Bundle_adjustment_example/build/CMakeFiles/CMakeTmp

Run Build Command(s):/home/cvar/anaconda3/bin/ninja cmTC_059eb && [1/2] Building C object CMakeFiles/cmTC_059eb.dir/CheckFunctionExists.c.o
[2/2] Linking C executable cmTC_059eb
FAILED: cmTC_059eb 
: && /usr/bin/gcc-12 -DCHECK_FUNCTION_EXISTS=sgemm_ -rdynamic CMakeFiles/cmTC_059eb.dir/CheckFunctionExists.c.o -o cmTC_059eb   && :
/usr/bin/ld: CMakeFiles/cmTC_059eb.dir/CheckFunctionExists.c.o: in function `main':
CheckFunctionExists.c:(.text+0x14): undefined reference to `sgemm_'
collect2: error: ld returned 1 exit status
ninja: build stopped: subcommand failed.



Determining if the function cheev_ exists failed with the following output:
Change Dir: /home/cvar/graph_optimization/Bundle_adjustment_example/build/CMakeFiles/CMakeTmp

Run Build Command(s):/home/cvar/anaconda3/bin/ninja cmTC_4af3d && [1/2] Building C object CMakeFiles/cmTC_4af3d.dir/CheckFunctionExists.c.o
[2/2] Linking C executable cmTC_4af3d
FAILED: cmTC_4af3d 
: && /usr/bin/gcc-12 -DCHECK_FUNCTION_EXISTS=cheev_ -rdynamic CMakeFiles/cmTC_4af3d.dir/CheckFunctionExists.c.o -o cmTC_4af3d  /usr/lib/x86_64-linux-gnu/libblas.so  /usr/lib/x86_64-linux-gnu/libf77blas.so  /usr/lib/x86_64-linux-gnu/libatlas.so  -lm  -ldl && :
/usr/bin/ld: CMakeFiles/cmTC_4af3d.dir/CheckFunctionExists.c.o: in function `main':
CheckFunctionExists.c:(.text+0x14): undefined reference to `cheev_'
collect2: error: ld returned 1 exit status
ninja: build stopped: subcommand failed.



Determining if the function cheev_ exists failed with the following output:
Change Dir: /home/cvar/graph_optimization/Bundle_adjustment_example/build/CMakeFiles/CMakeTmp

Run Build Command(s):/home/cvar/anaconda3/bin/ninja cmTC_f081b && [1/2] Building C object CMakeFiles/cmTC_f081b.dir/CheckFunctionExists.c.o
[2/2] Linking C executable cmTC_f081b
FAILED: cmTC_f081b 
: && /usr/bin/gcc-12 -DCHECK_FUNCTION_EXISTS=cheev_ -rdynamic CMakeFiles/cmTC_f081b.dir/CheckFunctionExists.c.o -o cmTC_f081b  /usr/lib/x86_64-linux-gnu/liblapack.so  /usr/lib/x86_64-linux-gnu/libblas.so  /usr/lib/x86_64-linux-gnu/libf77blas.so  /usr/lib/x86_64-linux-gnu/libatlas.so  -fortranlibs && :
gcc-12: error: unrecognized command-line option ‘-fortranlibs’
ninja: build stopped: subcommand failed.



